2016-07-26 23:06:10.560  INFO 840 --- [main] com.ydj.Application                      : Starting Application on localhost with PID 840 (/Users/yufu/code/eclipse/2016/springboot-1/target/classes started by yufu in /Users/yufu/code/eclipse/2016/springboot-1)
2016-07-26 23:06:10.564  INFO 840 --- [main] com.ydj.Application                      : The following profiles are active: dev,hsqldb
2016-07-26 23:06:10.615  INFO 840 --- [main] ationConfigEmbeddedWebApplicationContext : Refreshing org.springframework.boot.context.embedded.AnnotationConfigEmbeddedWebApplicationContext@41d3ccb6: startup date [Tue Jul 26 23:06:10 CST 2016]; root of context hierarchy
2016-07-26 23:06:12.212  INFO 840 --- [main] s.b.c.e.t.TomcatEmbeddedServletContainer : Tomcat initialized with port(s): 8080 (http)
2016-07-26 23:06:12.229  INFO 840 --- [main] o.apache.catalina.core.StandardService   : Starting service Tomcat
2016-07-26 23:06:12.230  INFO 840 --- [main] org.apache.catalina.core.StandardEngine  : Starting Servlet Engine: Apache Tomcat/8.0.36
2016-07-26 23:06:12.442  INFO 840 --- [localhost-startStop-1] o.a.c.c.C.[Tomcat].[localhost].[/]       : Initializing Spring embedded WebApplicationContext
2016-07-26 23:06:12.442  INFO 840 --- [localhost-startStop-1] o.s.web.context.ContextLoader            : Root WebApplicationContext: initialization completed in 1831 ms
2016-07-26 23:06:12.816  INFO 840 --- [localhost-startStop-1] o.s.b.c.e.ServletRegistrationBean        : Mapping servlet: 'dispatcherServlet' to [/]
2016-07-26 23:06:12.826  INFO 840 --- [localhost-startStop-1] o.s.b.c.embedded.FilterRegistrationBean  : Mapping filter: 'characterEncodingFilter' to: [/*]
2016-07-26 23:06:12.827  INFO 840 --- [localhost-startStop-1] o.s.b.c.embedded.FilterRegistrationBean  : Mapping filter: 'hiddenHttpMethodFilter' to: [/*]
2016-07-26 23:06:12.829  INFO 840 --- [localhost-startStop-1] o.s.b.c.embedded.FilterRegistrationBean  : Mapping filter: 'httpPutFormContentFilter' to: [/*]
2016-07-26 23:06:12.830  INFO 840 --- [localhost-startStop-1] o.s.b.c.embedded.FilterRegistrationBean  : Mapping filter: 'requestContextFilter' to: [/*]
2016-07-26 23:06:13.147  INFO 840 --- [main] s.w.s.m.m.a.RequestMappingHandlerAdapter : Looking for @ControllerAdvice: org.springframework.boot.context.embedded.AnnotationConfigEmbeddedWebApplicationContext@41d3ccb6: startup date [Tue Jul 26 23:06:10 CST 2016]; root of context hierarchy
2016-07-26 23:06:13.222  INFO 840 --- [main] s.w.s.m.m.a.RequestMappingHandlerMapping : Mapped "{[/]}" onto java.lang.String com.ydj.web.HelloWorld.home()
2016-07-26 23:06:13.226  INFO 840 --- [main] s.w.s.m.m.a.RequestMappingHandlerMapping : Mapped "{[/error]}" onto public org.springframework.http.ResponseEntity<java.util.Map<java.lang.String, java.lang.Object>> org.springframework.boot.autoconfigure.web.BasicErrorController.error(javax.servlet.http.HttpServletRequest)
2016-07-26 23:06:13.227  INFO 840 --- [main] s.w.s.m.m.a.RequestMappingHandlerMapping : Mapped "{[/error],produces=[text/html]}" onto public org.springframework.web.servlet.ModelAndView org.springframework.boot.autoconfigure.web.BasicErrorController.errorHtml(javax.servlet.http.HttpServletRequest,javax.servlet.http.HttpServletResponse)
2016-07-26 23:06:13.266  INFO 840 --- [main] o.s.w.s.handler.SimpleUrlHandlerMapping  : Mapped URL path [/webjars/**] onto handler of type [class org.springframework.web.servlet.resource.ResourceHttpRequestHandler]
2016-07-26 23:06:13.266  INFO 840 --- [main] o.s.w.s.handler.SimpleUrlHandlerMapping  : Mapped URL path [/**] onto handler of type [class org.springframework.web.servlet.resource.ResourceHttpRequestHandler]
2016-07-26 23:06:13.320  INFO 840 --- [main] o.s.w.s.handler.SimpleUrlHandlerMapping  : Mapped URL path [/**/favicon.ico] onto handler of type [class org.springframework.web.servlet.resource.ResourceHttpRequestHandler]
2016-07-26 23:06:13.468  INFO 840 --- [main] o.s.j.e.a.AnnotationMBeanExporter        : Registering beans for JMX exposure on startup
2016-07-26 23:06:13.557  INFO 840 --- [main] s.b.c.e.t.TomcatEmbeddedServletContainer : Tomcat started on port(s): 8080 (http)
2016-07-26 23:06:13.563  INFO 840 --- [main] com.ydj.Application                      : Started Application in 3.458 seconds (JVM running for 6.755)
2016-07-26 23:06:25.819  INFO 840 --- [http-nio-8080-exec-1] o.a.c.c.C.[Tomcat].[localhost].[/]       : Initializing Spring FrameworkServlet 'dispatcherServlet'
2016-07-26 23:06:25.819  INFO 840 --- [http-nio-8080-exec-1] o.s.web.servlet.DispatcherServlet        : FrameworkServlet 'dispatcherServlet': initialization started
2016-07-26 23:06:25.834  INFO 840 --- [http-nio-8080-exec-1] o.s.web.servlet.DispatcherServlet        : FrameworkServlet 'dispatcherServlet': initialization completed in 15 ms
2016-07-26 23:11:32.218  INFO 840 --- [Thread-2] ationConfigEmbeddedWebApplicationContext : Closing org.springframework.boot.context.embedded.AnnotationConfigEmbeddedWebApplicationContext@41d3ccb6: startup date [Tue Jul 26 23:06:10 CST 2016]; root of context hierarchy
2016-07-26 23:11:32.222  INFO 840 --- [Thread-2] o.s.j.e.a.AnnotationMBeanExporter        : Unregistering JMX-exposed beans on shutdown
2016-07-26 23:12:15.623 DEBUG 844 --- [main] o.s.w.c.s.StandardServletEnvironment     : Adding [servletConfigInitParams] PropertySource with lowest search precedence
2016-07-26 23:12:15.631 DEBUG 844 --- [main] o.s.w.c.s.StandardServletEnvironment     : Adding [servletContextInitParams] PropertySource with lowest search precedence
2016-07-26 23:12:15.632 DEBUG 844 --- [main] o.s.w.c.s.StandardServletEnvironment     : Adding [systemProperties] PropertySource with lowest search precedence
2016-07-26 23:12:15.632 DEBUG 844 --- [main] o.s.w.c.s.StandardServletEnvironment     : Adding [systemEnvironment] PropertySource with lowest search precedence
2016-07-26 23:12:15.633 DEBUG 844 --- [main] o.s.w.c.s.StandardServletEnvironment     : Initialized StandardServletEnvironment with PropertySources [servletConfigInitParams,servletContextInitParams,systemProperties,systemEnvironment]
2016-07-26 23:12:15.677  INFO 844 --- [main] com.ydj.Application                      : Starting Application on localhost with PID 844 (/Users/yufu/code/eclipse/2016/springboot-1/target/classes started by yufu in /Users/yufu/code/eclipse/2016/springboot-1)
2016-07-26 23:12:15.677  INFO 844 --- [main] com.ydj.Application                      : The following profiles are active: dev,hsqldb
2016-07-26 23:12:15.764  INFO 844 --- [main] ationConfigEmbeddedWebApplicationContext : Refreshing org.springframework.boot.context.embedded.AnnotationConfigEmbeddedWebApplicationContext@2ba18380: startup date [Tue Jul 26 23:12:15 CST 2016]; root of context hierarchy
2016-07-26 23:12:16.800 DEBUG 844 --- [main] o.s.w.c.s.StandardServletEnvironment     : Adding [applicationConfig: [classpath:/config/application-dev.properties]] PropertySource with search precedence immediately lower than [applicationConfigurationProperties]
2016-07-26 23:12:16.801 DEBUG 844 --- [main] o.s.w.c.s.StandardServletEnvironment     : Adding [applicationConfig: [classpath:/config/application.properties]] PropertySource with search precedence immediately lower than [applicationConfig: [classpath:/config/application-dev.properties]]
2016-07-26 23:12:16.801 DEBUG 844 --- [main] o.s.w.c.s.StandardServletEnvironment     : Removing [applicationConfigurationProperties] PropertySource
2016-07-26 23:12:16.801 DEBUG 844 --- [main] o.s.w.c.s.StandardServletEnvironment     : Removing [defaultProperties] PropertySource
2016-07-26 23:12:17.363  INFO 844 --- [main] s.b.c.e.t.TomcatEmbeddedServletContainer : Tomcat initialized with port(s): 8080 (http)
2016-07-26 23:12:17.459  INFO 844 --- [main] o.apache.catalina.core.StandardService   : Starting service Tomcat
2016-07-26 23:12:17.461  INFO 844 --- [main] org.apache.catalina.core.StandardEngine  : Starting Servlet Engine: Apache Tomcat/8.0.36
2016-07-26 23:12:17.575  INFO 844 --- [localhost-startStop-1] o.a.c.c.C.[Tomcat].[localhost].[/]       : Initializing Spring embedded WebApplicationContext
2016-07-26 23:12:17.576 DEBUG 844 --- [localhost-startStop-1] o.s.web.context.ContextLoader            : Published root WebApplicationContext as ServletContext attribute with name [org.springframework.web.context.WebApplicationContext.ROOT]
2016-07-26 23:12:17.576  INFO 844 --- [localhost-startStop-1] o.s.web.context.ContextLoader            : Root WebApplicationContext: initialization completed in 1824 ms
2016-07-26 23:12:17.983 DEBUG 844 --- [localhost-startStop-1] o.s.w.c.s.StandardServletEnvironment     : Adding [servletConfigInitParams] PropertySource with lowest search precedence
2016-07-26 23:12:17.984 DEBUG 844 --- [localhost-startStop-1] o.s.w.c.s.StandardServletEnvironment     : Adding [servletContextInitParams] PropertySource with lowest search precedence
2016-07-26 23:12:17.985 DEBUG 844 --- [localhost-startStop-1] o.s.w.c.s.StandardServletEnvironment     : Adding [systemProperties] PropertySource with lowest search precedence
2016-07-26 23:12:17.986 DEBUG 844 --- [localhost-startStop-1] o.s.w.c.s.StandardServletEnvironment     : Adding [systemEnvironment] PropertySource with lowest search precedence
2016-07-26 23:12:17.987 DEBUG 844 --- [localhost-startStop-1] o.s.w.c.s.StandardServletEnvironment     : Initialized StandardServletEnvironment with PropertySources [servletConfigInitParams,servletContextInitParams,systemProperties,systemEnvironment]
2016-07-26 23:12:18.003 DEBUG 844 --- [localhost-startStop-1] o.s.w.c.s.StandardServletEnvironment     : Adding [servletConfigInitParams] PropertySource with lowest search precedence
2016-07-26 23:12:18.004 DEBUG 844 --- [localhost-startStop-1] o.s.w.c.s.StandardServletEnvironment     : Adding [servletContextInitParams] PropertySource with lowest search precedence
2016-07-26 23:12:18.004 DEBUG 844 --- [localhost-startStop-1] o.s.w.c.s.StandardServletEnvironment     : Adding [systemProperties] PropertySource with lowest search precedence
2016-07-26 23:12:18.005 DEBUG 844 --- [localhost-startStop-1] o.s.w.c.s.StandardServletEnvironment     : Adding [systemEnvironment] PropertySource with lowest search precedence
2016-07-26 23:12:18.005 DEBUG 844 --- [localhost-startStop-1] o.s.w.c.s.StandardServletEnvironment     : Initialized StandardServletEnvironment with PropertySources [servletConfigInitParams,servletContextInitParams,systemProperties,systemEnvironment]
2016-07-26 23:12:18.011 DEBUG 844 --- [localhost-startStop-1] o.s.w.c.s.StandardServletEnvironment     : Adding [servletConfigInitParams] PropertySource with lowest search precedence
2016-07-26 23:12:18.011 DEBUG 844 --- [localhost-startStop-1] o.s.w.c.s.StandardServletEnvironment     : Adding [servletContextInitParams] PropertySource with lowest search precedence
2016-07-26 23:12:18.011 DEBUG 844 --- [localhost-startStop-1] o.s.w.c.s.StandardServletEnvironment     : Adding [systemProperties] PropertySource with lowest search precedence
2016-07-26 23:12:18.011 DEBUG 844 --- [localhost-startStop-1] o.s.w.c.s.StandardServletEnvironment     : Adding [systemEnvironment] PropertySource with lowest search precedence
2016-07-26 23:12:18.012 DEBUG 844 --- [localhost-startStop-1] o.s.w.c.s.StandardServletEnvironment     : Initialized StandardServletEnvironment with PropertySources [servletConfigInitParams,servletContextInitParams,systemProperties,systemEnvironment]
2016-07-26 23:12:18.028 DEBUG 844 --- [localhost-startStop-1] o.s.w.c.s.StandardServletEnvironment     : Adding [servletConfigInitParams] PropertySource with lowest search precedence
2016-07-26 23:12:18.029 DEBUG 844 --- [localhost-startStop-1] o.s.w.c.s.StandardServletEnvironment     : Adding [servletContextInitParams] PropertySource with lowest search precedence
2016-07-26 23:12:18.029 DEBUG 844 --- [localhost-startStop-1] o.s.w.c.s.StandardServletEnvironment     : Adding [systemProperties] PropertySource with lowest search precedence
2016-07-26 23:12:18.030 DEBUG 844 --- [localhost-startStop-1] o.s.w.c.s.StandardServletEnvironment     : Adding [systemEnvironment] PropertySource with lowest search precedence
2016-07-26 23:12:18.030 DEBUG 844 --- [localhost-startStop-1] o.s.w.c.s.StandardServletEnvironment     : Initialized StandardServletEnvironment with PropertySources [servletConfigInitParams,servletContextInitParams,systemProperties,systemEnvironment]
2016-07-26 23:12:18.053  INFO 844 --- [localhost-startStop-1] o.s.b.c.e.ServletRegistrationBean        : Mapping servlet: 'dispatcherServlet' to [/]
2016-07-26 23:12:18.057  INFO 844 --- [localhost-startStop-1] o.s.b.c.embedded.FilterRegistrationBean  : Mapping filter: 'characterEncodingFilter' to: [/*]
2016-07-26 23:12:18.060  INFO 844 --- [localhost-startStop-1] o.s.b.c.embedded.FilterRegistrationBean  : Mapping filter: 'hiddenHttpMethodFilter' to: [/*]
2016-07-26 23:12:18.060  INFO 844 --- [localhost-startStop-1] o.s.b.c.embedded.FilterRegistrationBean  : Mapping filter: 'httpPutFormContentFilter' to: [/*]
2016-07-26 23:12:18.061  INFO 844 --- [localhost-startStop-1] o.s.b.c.embedded.FilterRegistrationBean  : Mapping filter: 'requestContextFilter' to: [/*]
2016-07-26 23:12:18.125 DEBUG 844 --- [main] o.s.w.c.s.StandardServletEnvironment     : Replacing [servletContextInitParams] PropertySource with [servletContextInitParams]
2016-07-26 23:12:18.436  INFO 844 --- [main] s.w.s.m.m.a.RequestMappingHandlerAdapter : Looking for @ControllerAdvice: org.springframework.boot.context.embedded.AnnotationConfigEmbeddedWebApplicationContext@2ba18380: startup date [Tue Jul 26 23:12:15 CST 2016]; root of context hierarchy
2016-07-26 23:12:18.508 DEBUG 844 --- [main] s.w.s.m.m.a.RequestMappingHandlerMapping : Looking for request mappings in application context: org.springframework.boot.context.embedded.AnnotationConfigEmbeddedWebApplicationContext@2ba18380: startup date [Tue Jul 26 23:12:15 CST 2016]; root of context hierarchy
2016-07-26 23:12:18.522 DEBUG 844 --- [main] s.w.s.m.m.a.RequestMappingHandlerMapping : 1 request handler methods found on class com.ydj.web.HelloWorld: {java.lang.String com.ydj.web.HelloWorld.home()={[/]}}
2016-07-26 23:12:18.523  INFO 844 --- [main] s.w.s.m.m.a.RequestMappingHandlerMapping : Mapped "{[/]}" onto java.lang.String com.ydj.web.HelloWorld.home()
2016-07-26 23:12:18.527 DEBUG 844 --- [main] s.w.s.m.m.a.RequestMappingHandlerMapping : 2 request handler methods found on class org.springframework.boot.autoconfigure.web.BasicErrorController: {public org.springframework.http.ResponseEntity org.springframework.boot.autoconfigure.web.BasicErrorController.error(javax.servlet.http.HttpServletRequest)={[/error]}, public org.springframework.web.servlet.ModelAndView org.springframework.boot.autoconfigure.web.BasicErrorController.errorHtml(javax.servlet.http.HttpServletRequest,javax.servlet.http.HttpServletResponse)={[/error],produces=[text/html]}}
2016-07-26 23:12:18.527  INFO 844 --- [main] s.w.s.m.m.a.RequestMappingHandlerMapping : Mapped "{[/error]}" onto public org.springframework.http.ResponseEntity<java.util.Map<java.lang.String, java.lang.Object>> org.springframework.boot.autoconfigure.web.BasicErrorController.error(javax.servlet.http.HttpServletRequest)
2016-07-26 23:12:18.528  INFO 844 --- [main] s.w.s.m.m.a.RequestMappingHandlerMapping : Mapped "{[/error],produces=[text/html]}" onto public org.springframework.web.servlet.ModelAndView org.springframework.boot.autoconfigure.web.BasicErrorController.errorHtml(javax.servlet.http.HttpServletRequest,javax.servlet.http.HttpServletResponse)
2016-07-26 23:12:18.548 DEBUG 844 --- [main] o.s.w.s.h.BeanNameUrlHandlerMapping      : Looking for URL mappings in application context: org.springframework.boot.context.embedded.AnnotationConfigEmbeddedWebApplicationContext@2ba18380: startup date [Tue Jul 26 23:12:15 CST 2016]; root of context hierarchy
2016-07-26 23:12:18.548 DEBUG 844 --- [main] o.s.w.s.h.BeanNameUrlHandlerMapping      : Rejected bean name 'org.springframework.context.annotation.internalConfigurationAnnotationProcessor': no URL paths identified
2016-07-26 23:12:18.548 DEBUG 844 --- [main] o.s.w.s.h.BeanNameUrlHandlerMapping      : Rejected bean name 'org.springframework.context.annotation.internalAutowiredAnnotationProcessor': no URL paths identified
2016-07-26 23:12:18.548 DEBUG 844 --- [main] o.s.w.s.h.BeanNameUrlHandlerMapping      : Rejected bean name 'org.springframework.context.annotation.internalRequiredAnnotationProcessor': no URL paths identified
2016-07-26 23:12:18.548 DEBUG 844 --- [main] o.s.w.s.h.BeanNameUrlHandlerMapping      : Rejected bean name 'org.springframework.context.annotation.internalCommonAnnotationProcessor': no URL paths identified
2016-07-26 23:12:18.548 DEBUG 844 --- [main] o.s.w.s.h.BeanNameUrlHandlerMapping      : Rejected bean name 'org.springframework.context.event.internalEventListenerProcessor': no URL paths identified
2016-07-26 23:12:18.548 DEBUG 844 --- [main] o.s.w.s.h.BeanNameUrlHandlerMapping      : Rejected bean name 'org.springframework.context.event.internalEventListenerFactory': no URL paths identified
2016-07-26 23:12:18.549 DEBUG 844 --- [main] o.s.w.s.h.BeanNameUrlHandlerMapping      : Rejected bean name 'application': no URL paths identified
2016-07-26 23:12:18.549 DEBUG 844 --- [main] o.s.w.s.h.BeanNameUrlHandlerMapping      : Rejected bean name 'org.springframework.context.annotation.ConfigurationClassPostProcessor.importAwareProcessor': no URL paths identified
2016-07-26 23:12:18.549 DEBUG 844 --- [main] o.s.w.s.h.BeanNameUrlHandlerMapping      : Rejected bean name 'org.springframework.context.annotation.ConfigurationClassPostProcessor.enhancedConfigurationProcessor': no URL paths identified
2016-07-26 23:12:18.549 DEBUG 844 --- [main] o.s.w.s.h.BeanNameUrlHandlerMapping      : Rejected bean name 'oneTime4Started': no URL paths identified
2016-07-26 23:12:18.549 DEBUG 844 --- [main] o.s.w.s.h.BeanNameUrlHandlerMapping      : Rejected bean name 'helloWorld': no URL paths identified
2016-07-26 23:12:18.549 DEBUG 844 --- [main] o.s.w.s.h.BeanNameUrlHandlerMapping      : Rejected bean name 'org.springframework.boot.autoconfigure.AutoConfigurationPackages': no URL paths identified
2016-07-26 23:12:18.549 DEBUG 844 --- [main] o.s.w.s.h.BeanNameUrlHandlerMapping      : Rejected bean name 'org.springframework.boot.autoconfigure.PropertyPlaceholderAutoConfiguration': no URL paths identified
2016-07-26 23:12:18.549 DEBUG 844 --- [main] o.s.w.s.h.BeanNameUrlHandlerMapping      : Rejected bean name 'org.springframework.boot.autoconfigure.condition.BeanTypeRegistry': no URL paths identified
2016-07-26 23:12:18.550 DEBUG 844 --- [main] o.s.w.s.h.BeanNameUrlHandlerMapping      : Rejected bean name 'propertySourcesPlaceholderConfigurer': no URL paths identified
2016-07-26 23:12:18.550 DEBUG 844 --- [main] o.s.w.s.h.BeanNameUrlHandlerMapping      : Rejected bean name 'org.springframework.boot.autoconfigure.websocket.WebSocketAutoConfiguration$TomcatWebSocketConfiguration': no URL paths identified
2016-07-26 23:12:18.550 DEBUG 844 --- [main] o.s.w.s.h.BeanNameUrlHandlerMapping      : Rejected bean name 'websocketContainerCustomizer': no URL paths identified
2016-07-26 23:12:18.550 DEBUG 844 --- [main] o.s.w.s.h.BeanNameUrlHandlerMapping      : Rejected bean name 'org.springframework.boot.autoconfigure.websocket.WebSocketAutoConfiguration': no URL paths identified
2016-07-26 23:12:18.550 DEBUG 844 --- [main] o.s.w.s.h.BeanNameUrlHandlerMapping      : Rejected bean name 'org.springframework.boot.autoconfigure.web.EmbeddedServletContainerAutoConfiguration$EmbeddedTomcat': no URL paths identified
2016-07-26 23:12:18.550 DEBUG 844 --- [main] o.s.w.s.h.BeanNameUrlHandlerMapping      : Rejected bean name 'tomcatEmbeddedServletContainerFactory': no URL paths identified
2016-07-26 23:12:18.550 DEBUG 844 --- [main] o.s.w.s.h.BeanNameUrlHandlerMapping      : Rejected bean name 'org.springframework.boot.autoconfigure.web.EmbeddedServletContainerAutoConfiguration': no URL paths identified
2016-07-26 23:12:18.550 DEBUG 844 --- [main] o.s.w.s.h.BeanNameUrlHandlerMapping      : Rejected bean name 'embeddedServletContainerCustomizerBeanPostProcessor': no URL paths identified
2016-07-26 23:12:18.551 DEBUG 844 --- [main] o.s.w.s.h.BeanNameUrlHandlerMapping      : Rejected bean name 'org.springframework.boot.autoconfigure.web.DispatcherServletAutoConfiguration$DispatcherServletConfiguration': no URL paths identified
2016-07-26 23:12:18.551 DEBUG 844 --- [main] o.s.w.s.h.BeanNameUrlHandlerMapping      : Rejected bean name 'dispatcherServlet': no URL paths identified
2016-07-26 23:12:18.551 DEBUG 844 --- [main] o.s.w.s.h.BeanNameUrlHandlerMapping      : Rejected bean name 'dispatcherServletRegistration': no URL paths identified
2016-07-26 23:12:18.551 DEBUG 844 --- [main] o.s.w.s.h.BeanNameUrlHandlerMapping      : Rejected bean name 'spring.mvc.CONFIGURATION_PROPERTIES': no URL paths identified
2016-07-26 23:12:18.551 DEBUG 844 --- [main] o.s.w.s.h.BeanNameUrlHandlerMapping      : Rejected bean name 'org.springframework.boot.context.properties.ConfigurationPropertiesBindingPostProcessor': no URL paths identified
2016-07-26 23:12:18.551 DEBUG 844 --- [main] o.s.w.s.h.BeanNameUrlHandlerMapping      : Rejected bean name 'org.springframework.boot.context.properties.ConfigurationPropertiesBindingPostProcessor.store': no URL paths identified
2016-07-26 23:12:18.551 DEBUG 844 --- [main] o.s.w.s.h.BeanNameUrlHandlerMapping      : Rejected bean name 'org.springframework.boot.autoconfigure.web.DispatcherServletAutoConfiguration': no URL paths identified
2016-07-26 23:12:18.551 DEBUG 844 --- [main] o.s.w.s.h.BeanNameUrlHandlerMapping      : Rejected bean name 'org.springframework.boot.autoconfigure.web.ErrorMvcAutoConfiguration$WhitelabelErrorViewConfiguration': no URL paths identified
2016-07-26 23:12:18.551 DEBUG 844 --- [main] o.s.w.s.h.BeanNameUrlHandlerMapping      : Rejected bean name 'error': no URL paths identified
2016-07-26 23:12:18.552 DEBUG 844 --- [main] o.s.w.s.h.BeanNameUrlHandlerMapping      : Rejected bean name 'beanNameViewResolver': no URL paths identified
2016-07-26 23:12:18.552 DEBUG 844 --- [main] o.s.w.s.h.BeanNameUrlHandlerMapping      : Rejected bean name 'org.springframework.boot.autoconfigure.web.ErrorMvcAutoConfiguration': no URL paths identified
2016-07-26 23:12:18.552 DEBUG 844 --- [main] o.s.w.s.h.BeanNameUrlHandlerMapping      : Rejected bean name 'errorAttributes': no URL paths identified
2016-07-26 23:12:18.552 DEBUG 844 --- [main] o.s.w.s.h.BeanNameUrlHandlerMapping      : Rejected bean name 'basicErrorController': no URL paths identified
2016-07-26 23:12:18.552 DEBUG 844 --- [main] o.s.w.s.h.BeanNameUrlHandlerMapping      : Rejected bean name 'errorPageCustomizer': no URL paths identified
2016-07-26 23:12:18.552 DEBUG 844 --- [main] o.s.w.s.h.BeanNameUrlHandlerMapping      : Rejected bean name 'preserveErrorControllerTargetClassPostProcessor': no URL paths identified
2016-07-26 23:12:18.552 DEBUG 844 --- [main] o.s.w.s.h.BeanNameUrlHandlerMapping      : Rejected bean name 'org.springframework.boot.autoconfigure.web.WebMvcAutoConfiguration$EnableWebMvcConfiguration': no URL paths identified
2016-07-26 23:12:18.552 DEBUG 844 --- [main] o.s.w.s.h.BeanNameUrlHandlerMapping      : Rejected bean name 'requestMappingHandlerAdapter': no URL paths identified
2016-07-26 23:12:18.552 DEBUG 844 --- [main] o.s.w.s.h.BeanNameUrlHandlerMapping      : Rejected bean name 'requestMappingHandlerMapping': no URL paths identified
2016-07-26 23:12:18.553 DEBUG 844 --- [main] o.s.w.s.h.BeanNameUrlHandlerMapping      : Rejected bean name 'mvcContentNegotiationManager': no URL paths identified
2016-07-26 23:12:18.553 DEBUG 844 --- [main] o.s.w.s.h.BeanNameUrlHandlerMapping      : Rejected bean name 'viewControllerHandlerMapping': no URL paths identified
2016-07-26 23:12:18.553 DEBUG 844 --- [main] o.s.w.s.h.BeanNameUrlHandlerMapping      : Rejected bean name 'beanNameHandlerMapping': no URL paths identified
2016-07-26 23:12:18.553 DEBUG 844 --- [main] o.s.w.s.h.BeanNameUrlHandlerMapping      : Rejected bean name 'resourceHandlerMapping': no URL paths identified
2016-07-26 23:12:18.553 DEBUG 844 --- [main] o.s.w.s.h.BeanNameUrlHandlerMapping      : Rejected bean name 'mvcResourceUrlProvider': no URL paths identified
2016-07-26 23:12:18.553 DEBUG 844 --- [main] o.s.w.s.h.BeanNameUrlHandlerMapping      : Rejected bean name 'defaultServletHandlerMapping': no URL paths identified
2016-07-26 23:12:18.553 DEBUG 844 --- [main] o.s.w.s.h.BeanNameUrlHandlerMapping      : Rejected bean name 'mvcConversionService': no URL paths identified
2016-07-26 23:12:18.553 DEBUG 844 --- [main] o.s.w.s.h.BeanNameUrlHandlerMapping      : Rejected bean name 'mvcValidator': no URL paths identified
2016-07-26 23:12:18.554 DEBUG 844 --- [main] o.s.w.s.h.BeanNameUrlHandlerMapping      : Rejected bean name 'mvcPathMatcher': no URL paths identified
2016-07-26 23:12:18.554 DEBUG 844 --- [main] o.s.w.s.h.BeanNameUrlHandlerMapping      : Rejected bean name 'mvcUrlPathHelper': no URL paths identified
2016-07-26 23:12:18.554 DEBUG 844 --- [main] o.s.w.s.h.BeanNameUrlHandlerMapping      : Rejected bean name 'mvcUriComponentsContributor': no URL paths identified
2016-07-26 23:12:18.554 DEBUG 844 --- [main] o.s.w.s.h.BeanNameUrlHandlerMapping      : Rejected bean name 'httpRequestHandlerAdapter': no URL paths identified
2016-07-26 23:12:18.554 DEBUG 844 --- [main] o.s.w.s.h.BeanNameUrlHandlerMapping      : Rejected bean name 'simpleControllerHandlerAdapter': no URL paths identified
2016-07-26 23:12:18.554 DEBUG 844 --- [main] o.s.w.s.h.BeanNameUrlHandlerMapping      : Rejected bean name 'handlerExceptionResolver': no URL paths identified
2016-07-26 23:12:18.554 DEBUG 844 --- [main] o.s.w.s.h.BeanNameUrlHandlerMapping      : Rejected bean name 'mvcViewResolver': no URL paths identified
2016-07-26 23:12:18.554 DEBUG 844 --- [main] o.s.w.s.h.BeanNameUrlHandlerMapping      : Rejected bean name 'org.springframework.boot.autoconfigure.web.WebMvcAutoConfiguration$WebMvcAutoConfigurationAdapter$FaviconConfiguration': no URL paths identified
2016-07-26 23:12:18.555 DEBUG 844 --- [main] o.s.w.s.h.BeanNameUrlHandlerMapping      : Rejected bean name 'faviconHandlerMapping': no URL paths identified
2016-07-26 23:12:18.555 DEBUG 844 --- [main] o.s.w.s.h.BeanNameUrlHandlerMapping      : Rejected bean name 'faviconRequestHandler': no URL paths identified
2016-07-26 23:12:18.555 DEBUG 844 --- [main] o.s.w.s.h.BeanNameUrlHandlerMapping      : Rejected bean name 'org.springframework.boot.autoconfigure.web.WebMvcAutoConfiguration$WebMvcAutoConfigurationAdapter': no URL paths identified
2016-07-26 23:12:18.555 DEBUG 844 --- [main] o.s.w.s.h.BeanNameUrlHandlerMapping      : Rejected bean name 'defaultViewResolver': no URL paths identified
2016-07-26 23:12:18.555 DEBUG 844 --- [main] o.s.w.s.h.BeanNameUrlHandlerMapping      : Rejected bean name 'requestContextFilter': no URL paths identified
2016-07-26 23:12:18.555 DEBUG 844 --- [main] o.s.w.s.h.BeanNameUrlHandlerMapping      : Rejected bean name 'viewResolver': no URL paths identified
2016-07-26 23:12:18.555 DEBUG 844 --- [main] o.s.w.s.h.BeanNameUrlHandlerMapping      : Rejected bean name 'spring.resources.CONFIGURATION_PROPERTIES': no URL paths identified
2016-07-26 23:12:18.555 DEBUG 844 --- [main] o.s.w.s.h.BeanNameUrlHandlerMapping      : Rejected bean name 'org.springframework.boot.autoconfigure.web.WebMvcAutoConfiguration': no URL paths identified
2016-07-26 23:12:18.556 DEBUG 844 --- [main] o.s.w.s.h.BeanNameUrlHandlerMapping      : Rejected bean name 'hiddenHttpMethodFilter': no URL paths identified
2016-07-26 23:12:18.556 DEBUG 844 --- [main] o.s.w.s.h.BeanNameUrlHandlerMapping      : Rejected bean name 'httpPutFormContentFilter': no URL paths identified
2016-07-26 23:12:18.556 DEBUG 844 --- [main] o.s.w.s.h.BeanNameUrlHandlerMapping      : Rejected bean name 'org.springframework.boot.autoconfigure.jmx.JmxAutoConfiguration': no URL paths identified
2016-07-26 23:12:18.556 DEBUG 844 --- [main] o.s.w.s.h.BeanNameUrlHandlerMapping      : Rejected bean name 'mbeanExporter': no URL paths identified
2016-07-26 23:12:18.556 DEBUG 844 --- [main] o.s.w.s.h.BeanNameUrlHandlerMapping      : Rejected bean name 'objectNamingStrategy': no URL paths identified
2016-07-26 23:12:18.556 DEBUG 844 --- [main] o.s.w.s.h.BeanNameUrlHandlerMapping      : Rejected bean name 'mbeanServer': no URL paths identified
2016-07-26 23:12:18.556 DEBUG 844 --- [main] o.s.w.s.h.BeanNameUrlHandlerMapping      : Rejected bean name 'org.springframework.boot.autoconfigure.context.ConfigurationPropertiesAutoConfiguration': no URL paths identified
2016-07-26 23:12:18.556 DEBUG 844 --- [main] o.s.w.s.h.BeanNameUrlHandlerMapping      : Rejected bean name 'org.springframework.boot.autoconfigure.jackson.JacksonAutoConfiguration$JacksonObjectMapperBuilderConfiguration': no URL paths identified
2016-07-26 23:12:18.556 DEBUG 844 --- [main] o.s.w.s.h.BeanNameUrlHandlerMapping      : Rejected bean name 'jacksonObjectMapperBuilder': no URL paths identified
2016-07-26 23:12:18.557 DEBUG 844 --- [main] o.s.w.s.h.BeanNameUrlHandlerMapping      : Rejected bean name 'spring.jackson.CONFIGURATION_PROPERTIES': no URL paths identified
2016-07-26 23:12:18.557 DEBUG 844 --- [main] o.s.w.s.h.BeanNameUrlHandlerMapping      : Rejected bean name 'org.springframework.boot.autoconfigure.jackson.JacksonAutoConfiguration$JacksonObjectMapperConfiguration': no URL paths identified
2016-07-26 23:12:18.557 DEBUG 844 --- [main] o.s.w.s.h.BeanNameUrlHandlerMapping      : Rejected bean name 'jacksonObjectMapper': no URL paths identified
2016-07-26 23:12:18.557 DEBUG 844 --- [main] o.s.w.s.h.BeanNameUrlHandlerMapping      : Rejected bean name 'org.springframework.boot.autoconfigure.jackson.JacksonAutoConfiguration': no URL paths identified
2016-07-26 23:12:18.557 DEBUG 844 --- [main] o.s.w.s.h.BeanNameUrlHandlerMapping      : Rejected bean name 'org.springframework.boot.autoconfigure.web.HttpMessageConvertersAutoConfiguration$StringHttpMessageConverterConfiguration': no URL paths identified
2016-07-26 23:12:18.557 DEBUG 844 --- [main] o.s.w.s.h.BeanNameUrlHandlerMapping      : Rejected bean name 'stringHttpMessageConverter': no URL paths identified
2016-07-26 23:12:18.557 DEBUG 844 --- [main] o.s.w.s.h.BeanNameUrlHandlerMapping      : Rejected bean name 'spring.http.encoding.CONFIGURATION_PROPERTIES': no URL paths identified
2016-07-26 23:12:18.558 DEBUG 844 --- [main] o.s.w.s.h.BeanNameUrlHandlerMapping      : Rejected bean name 'org.springframework.boot.autoconfigure.web.JacksonHttpMessageConvertersConfiguration$MappingJackson2HttpMessageConverterConfiguration': no URL paths identified
2016-07-26 23:12:18.558 DEBUG 844 --- [main] o.s.w.s.h.BeanNameUrlHandlerMapping      : Rejected bean name 'mappingJackson2HttpMessageConverter': no URL paths identified
2016-07-26 23:12:18.558 DEBUG 844 --- [main] o.s.w.s.h.BeanNameUrlHandlerMapping      : Rejected bean name 'org.springframework.boot.autoconfigure.web.JacksonHttpMessageConvertersConfiguration': no URL paths identified
2016-07-26 23:12:18.558 DEBUG 844 --- [main] o.s.w.s.h.BeanNameUrlHandlerMapping      : Rejected bean name 'org.springframework.boot.autoconfigure.web.HttpMessageConvertersAutoConfiguration': no URL paths identified
2016-07-26 23:12:18.558 DEBUG 844 --- [main] o.s.w.s.h.BeanNameUrlHandlerMapping      : Rejected bean name 'messageConverters': no URL paths identified
2016-07-26 23:12:18.558 DEBUG 844 --- [main] o.s.w.s.h.BeanNameUrlHandlerMapping      : Rejected bean name 'org.springframework.boot.autoconfigure.web.HttpEncodingAutoConfiguration': no URL paths identified
2016-07-26 23:12:18.558 DEBUG 844 --- [main] o.s.w.s.h.BeanNameUrlHandlerMapping      : Rejected bean name 'characterEncodingFilter': no URL paths identified
2016-07-26 23:12:18.558 DEBUG 844 --- [main] o.s.w.s.h.BeanNameUrlHandlerMapping      : Rejected bean name 'org.springframework.boot.autoconfigure.web.MultipartAutoConfiguration': no URL paths identified
2016-07-26 23:12:18.558 DEBUG 844 --- [main] o.s.w.s.h.BeanNameUrlHandlerMapping      : Rejected bean name 'multipartConfigElement': no URL paths identified
2016-07-26 23:12:18.559 DEBUG 844 --- [main] o.s.w.s.h.BeanNameUrlHandlerMapping      : Rejected bean name 'multipartResolver': no URL paths identified
2016-07-26 23:12:18.559 DEBUG 844 --- [main] o.s.w.s.h.BeanNameUrlHandlerMapping      : Rejected bean name 'multipart.CONFIGURATION_PROPERTIES': no URL paths identified
2016-07-26 23:12:18.559 DEBUG 844 --- [main] o.s.w.s.h.BeanNameUrlHandlerMapping      : Rejected bean name 'org.springframework.boot.autoconfigure.web.ServerPropertiesAutoConfiguration': no URL paths identified
2016-07-26 23:12:18.559 DEBUG 844 --- [main] o.s.w.s.h.BeanNameUrlHandlerMapping      : Rejected bean name 'serverProperties': no URL paths identified
2016-07-26 23:12:18.559 DEBUG 844 --- [main] o.s.w.s.h.BeanNameUrlHandlerMapping      : Rejected bean name 'duplicateServerPropertiesDetector': no URL paths identified
2016-07-26 23:12:18.559 DEBUG 844 --- [main] o.s.w.s.h.BeanNameUrlHandlerMapping      : Rejected bean name 'autoConfigurationReport': no URL paths identified
2016-07-26 23:12:18.559 DEBUG 844 --- [main] o.s.w.s.h.BeanNameUrlHandlerMapping      : Rejected bean name 'applicationEventMulticaster': no URL paths identified
2016-07-26 23:12:18.559 DEBUG 844 --- [main] o.s.w.s.h.BeanNameUrlHandlerMapping      : Rejected bean name 'springApplicationArguments': no URL paths identified
2016-07-26 23:12:18.559 DEBUG 844 --- [main] o.s.w.s.h.BeanNameUrlHandlerMapping      : Rejected bean name 'springBootLoggingSystem': no URL paths identified
2016-07-26 23:12:18.559 DEBUG 844 --- [main] o.s.w.s.h.BeanNameUrlHandlerMapping      : Rejected bean name 'environment': no URL paths identified
2016-07-26 23:12:18.560 DEBUG 844 --- [main] o.s.w.s.h.BeanNameUrlHandlerMapping      : Rejected bean name 'systemProperties': no URL paths identified
2016-07-26 23:12:18.560 DEBUG 844 --- [main] o.s.w.s.h.BeanNameUrlHandlerMapping      : Rejected bean name 'systemEnvironment': no URL paths identified
2016-07-26 23:12:18.560 DEBUG 844 --- [main] o.s.w.s.h.BeanNameUrlHandlerMapping      : Rejected bean name 'org.springframework.context.annotation.ConfigurationClassPostProcessor.importRegistry': no URL paths identified
2016-07-26 23:12:18.560 DEBUG 844 --- [main] o.s.w.s.h.BeanNameUrlHandlerMapping      : Rejected bean name 'messageSource': no URL paths identified
2016-07-26 23:12:18.560 DEBUG 844 --- [main] o.s.w.s.h.BeanNameUrlHandlerMapping      : Rejected bean name 'servletContext': no URL paths identified
2016-07-26 23:12:18.560 DEBUG 844 --- [main] o.s.w.s.h.BeanNameUrlHandlerMapping      : Rejected bean name 'contextParameters': no URL paths identified
2016-07-26 23:12:18.560 DEBUG 844 --- [main] o.s.w.s.h.BeanNameUrlHandlerMapping      : Rejected bean name 'contextAttributes': no URL paths identified
2016-07-26 23:12:18.571  INFO 844 --- [main] o.s.w.s.handler.SimpleUrlHandlerMapping  : Mapped URL path [/webjars/**] onto handler of type [class org.springframework.web.servlet.resource.ResourceHttpRequestHandler]
2016-07-26 23:12:18.571  INFO 844 --- [main] o.s.w.s.handler.SimpleUrlHandlerMapping  : Mapped URL path [/**] onto handler of type [class org.springframework.web.servlet.resource.ResourceHttpRequestHandler]
2016-07-26 23:12:18.588 DEBUG 844 --- [main] .m.m.a.ExceptionHandlerExceptionResolver : Looking for exception mappings: org.springframework.boot.context.embedded.AnnotationConfigEmbeddedWebApplicationContext@2ba18380: startup date [Tue Jul 26 23:12:15 CST 2016]; root of context hierarchy
2016-07-26 23:12:18.618  INFO 844 --- [main] o.s.w.s.handler.SimpleUrlHandlerMapping  : Mapped URL path [/**/favicon.ico] onto handler of type [class org.springframework.web.servlet.resource.ResourceHttpRequestHandler]
2016-07-26 23:12:18.766  INFO 844 --- [main] o.s.j.e.a.AnnotationMBeanExporter        : Registering beans for JMX exposure on startup
2016-07-26 23:12:18.779 DEBUG 844 --- [main] o.s.w.s.resource.ResourceUrlProvider     : Looking for resource handler mappings
2016-07-26 23:12:18.780 DEBUG 844 --- [main] o.s.w.s.resource.ResourceUrlProvider     : Found resource handler mapping: URL pattern="/**/favicon.ico", locations=[ServletContext resource [/], class path resource [META-INF/resources/], class path resource [resources/], class path resource [static/], class path resource [public/], class path resource []], resolvers=[org.springframework.web.servlet.resource.PathResourceResolver@41c758f1]
2016-07-26 23:12:18.781 DEBUG 844 --- [main] o.s.w.s.resource.ResourceUrlProvider     : Found resource handler mapping: URL pattern="/webjars/**", locations=[class path resource [META-INF/resources/webjars/]], resolvers=[org.springframework.web.servlet.resource.PathResourceResolver@6b89df97]
2016-07-26 23:12:18.781 DEBUG 844 --- [main] o.s.w.s.resource.ResourceUrlProvider     : Found resource handler mapping: URL pattern="/**", locations=[ServletContext resource [/], class path resource [META-INF/resources/], class path resource [resources/], class path resource [static/], class path resource [public/]], resolvers=[org.springframework.web.servlet.resource.PathResourceResolver@791ad9d3]
2016-07-26 23:12:18.865  INFO 844 --- [main] s.b.c.e.t.TomcatEmbeddedServletContainer : Tomcat started on port(s): 8080 (http)
2016-07-26 23:12:18.867 DEBUG 844 --- [main] o.s.w.c.s.StandardServletEnvironment     : Adding [server.ports] PropertySource with highest search precedence
2016-07-26 23:12:18.872  INFO 844 --- [main] com.ydj.Application                      : Started Application in 3.694 seconds (JVM running for 7.033)
2016-07-26 23:13:13.689  INFO 844 --- [Thread-2] ationConfigEmbeddedWebApplicationContext : Closing org.springframework.boot.context.embedded.AnnotationConfigEmbeddedWebApplicationContext@2ba18380: startup date [Tue Jul 26 23:12:15 CST 2016]; root of context hierarchy
2016-07-26 23:13:13.692  INFO 844 --- [Thread-2] o.s.j.e.a.AnnotationMBeanExporter        : Unregistering JMX-exposed beans on shutdown
2016-07-26 23:13:29.837  INFO 845 --- [main] com.ydj.Application                      : Starting Application on localhost with PID 845 (/Users/yufu/code/eclipse/2016/springboot-1/target/classes started by yufu in /Users/yufu/code/eclipse/2016/springboot-1)
2016-07-26 23:13:29.841  INFO 845 --- [main] com.ydj.Application                      : The following profiles are active: dev,hsqldb
2016-07-26 23:13:29.911  INFO 845 --- [main] ationConfigEmbeddedWebApplicationContext : Refreshing org.springframework.boot.context.embedded.AnnotationConfigEmbeddedWebApplicationContext@3985134c: startup date [Tue Jul 26 23:13:29 CST 2016]; root of context hierarchy
2016-07-26 23:13:31.432  INFO 845 --- [main] s.b.c.e.t.TomcatEmbeddedServletContainer : Tomcat initialized with port(s): 8080 (http)
2016-07-26 23:13:31.529  INFO 845 --- [main] o.apache.catalina.core.StandardService   : Starting service Tomcat
2016-07-26 23:13:31.530  INFO 845 --- [main] org.apache.catalina.core.StandardEngine  : Starting Servlet Engine: Apache Tomcat/8.0.36
2016-07-26 23:13:31.644  INFO 845 --- [localhost-startStop-1] o.a.c.c.C.[Tomcat].[localhost].[/]       : Initializing Spring embedded WebApplicationContext
2016-07-26 23:13:31.645  INFO 845 --- [localhost-startStop-1] o.s.web.context.ContextLoader            : Root WebApplicationContext: initialization completed in 1738 ms
2016-07-26 23:13:31.990  INFO 845 --- [localhost-startStop-1] o.s.b.c.e.ServletRegistrationBean        : Mapping servlet: 'dispatcherServlet' to [/]
2016-07-26 23:13:31.995  INFO 845 --- [localhost-startStop-1] o.s.b.c.embedded.FilterRegistrationBean  : Mapping filter: 'characterEncodingFilter' to: [/*]
2016-07-26 23:13:31.996  INFO 845 --- [localhost-startStop-1] o.s.b.c.embedded.FilterRegistrationBean  : Mapping filter: 'hiddenHttpMethodFilter' to: [/*]
2016-07-26 23:13:31.997  INFO 845 --- [localhost-startStop-1] o.s.b.c.embedded.FilterRegistrationBean  : Mapping filter: 'httpPutFormContentFilter' to: [/*]
2016-07-26 23:13:31.997  INFO 845 --- [localhost-startStop-1] o.s.b.c.embedded.FilterRegistrationBean  : Mapping filter: 'requestContextFilter' to: [/*]
2016-07-26 23:13:32.325  INFO 845 --- [main] s.w.s.m.m.a.RequestMappingHandlerAdapter : Looking for @ControllerAdvice: org.springframework.boot.context.embedded.AnnotationConfigEmbeddedWebApplicationContext@3985134c: startup date [Tue Jul 26 23:13:29 CST 2016]; root of context hierarchy
2016-07-26 23:13:32.400  INFO 845 --- [main] s.w.s.m.m.a.RequestMappingHandlerMapping : Mapped "{[/]}" onto java.lang.String com.ydj.web.HelloWorld.home()
2016-07-26 23:13:32.406  INFO 845 --- [main] s.w.s.m.m.a.RequestMappingHandlerMapping : Mapped "{[/error]}" onto public org.springframework.http.ResponseEntity<java.util.Map<java.lang.String, java.lang.Object>> org.springframework.boot.autoconfigure.web.BasicErrorController.error(javax.servlet.http.HttpServletRequest)
2016-07-26 23:13:32.407  INFO 845 --- [main] s.w.s.m.m.a.RequestMappingHandlerMapping : Mapped "{[/error],produces=[text/html]}" onto public org.springframework.web.servlet.ModelAndView org.springframework.boot.autoconfigure.web.BasicErrorController.errorHtml(javax.servlet.http.HttpServletRequest,javax.servlet.http.HttpServletResponse)
2016-07-26 23:13:32.438  INFO 845 --- [main] o.s.w.s.handler.SimpleUrlHandlerMapping  : Mapped URL path [/webjars/**] onto handler of type [class org.springframework.web.servlet.resource.ResourceHttpRequestHandler]
2016-07-26 23:13:32.439  INFO 845 --- [main] o.s.w.s.handler.SimpleUrlHandlerMapping  : Mapped URL path [/**] onto handler of type [class org.springframework.web.servlet.resource.ResourceHttpRequestHandler]
2016-07-26 23:13:32.491  INFO 845 --- [main] o.s.w.s.handler.SimpleUrlHandlerMapping  : Mapped URL path [/**/favicon.ico] onto handler of type [class org.springframework.web.servlet.resource.ResourceHttpRequestHandler]
2016-07-26 23:13:32.614  INFO 845 --- [main] o.s.j.e.a.AnnotationMBeanExporter        : Registering beans for JMX exposure on startup
2016-07-26 23:13:32.712  INFO 845 --- [main] s.b.c.e.t.TomcatEmbeddedServletContainer : Tomcat started on port(s): 8080 (http)
2016-07-26 23:13:32.718  INFO 845 --- [main] com.ydj.Application                      : Started Application in 3.367 seconds (JVM running for 6.703)
2016-07-26 23:20:47.436  INFO 845 --- [Thread-2] ationConfigEmbeddedWebApplicationContext : Closing org.springframework.boot.context.embedded.AnnotationConfigEmbeddedWebApplicationContext@3985134c: startup date [Tue Jul 26 23:13:29 CST 2016]; root of context hierarchy
2016-07-26 23:20:47.438  INFO 845 --- [Thread-2] o.s.j.e.a.AnnotationMBeanExporter        : Unregistering JMX-exposed beans on shutdown
